app/build/outputs/logs/manifest-merger-debug-report.txt
-- Merging decision tree log ---
manifest
ADDED from src\main\AndroidManifest.xml:2:1-435:12
	package
		ADDED from src\main\AndroidManifest.xml:4:5-32
		INJECTED from src\main\AndroidManifest.xml
		INJECTED from src\main\AndroidManifest.xml
	android:versionName
		INJECTED from src\main\AndroidManifest.xml
		INJECTED from src\main\AndroidManifest.xml
	xmlns:tools
		ADDED from src\main\AndroidManifest.xml:3:5-51
	xmlns:android
		ADDED from src\main\AndroidManifest.xml:2:11-69
	android:versionCode
		INJECTED from src\main\AndroidManifest.xml
		INJECTED from src\main\AndroidManifest.xml
uses-permission#android.permission.CALL_PHONE
ADDED from src\main\AndroidManifest.xml:6:5-69
	android:name
		ADDED from src\main\AndroidManifest.xml:6:22-66
uses-permission#com.hs.userportal.permission.MAPS_RECEIVE
ADDED from src\main\AndroidManifest.xml:7:5-81
	android:name
		ADDED from src\main\AndroidManifest.xml:7:22-78
uses-permission#android.permission.INTERNET
ADDED from src\main\AndroidManifest.xml:8:5-67
MERGED from [com.google.android.gms:play-services-maps:8.4.0] AndroidManifest.xml:21:5-66
MERGED from [com.google.android.gms:play-services-maps:8.4.0] AndroidManifest.xml:21:5-66
	android:name
		ADDED from src\main\AndroidManifest.xml:8:22-64
uses-permission#android.permission.ACCESS_WIFI_STATE
ADDED from src\main\AndroidManifest.xml:9:5-76
	android:name
		ADDED from src\main\AndroidManifest.xml:9:22-73
uses-permission#android.permission.CAMERA
ADDED from src\main\AndroidManifest.xml:10:5-65
	android:name
		ADDED from src\main\AndroidManifest.xml:10:22-62
uses-permission#android.permission.READ_EXTERNAL_STORAGE
ADDED from src\main\AndroidManifest.xml:13:5-80
	android:name
		ADDED from src\main\AndroidManifest.xml:13:22-77
uses-permission#android.permission.ACCESS_COARSE_LOCATION
ADDED from src\main\AndroidManifest.xml:14:5-81
	android:name
		ADDED from src\main\AndroidManifest.xml:14:22-78
uses-permission#android.permission.ACCESS_FINE_LOCATION
ADDED from src\main\AndroidManifest.xml:15:5-79
	android:name
		ADDED from src\main\AndroidManifest.xml:15:22-76
uses-permission#android.permission.MANAGE_USERS
ADDED from src\main\AndroidManifest.xml:16:5-71
	android:name
		ADDED from src\main\AndroidManifest.xml:16:22-68
uses-permission#android.permission.WRITE_EXTERNAL_STORAGE
ADDED from src\main\AndroidManifest.xml:18:5-97
	android:name
		ADDED from src\main\AndroidManifest.xml:18:22-78
uses-permission#android.permission.ACCESS_NETWORK_STATE
ADDED from src\main\AndroidManifest.xml:19:5-95
MERGED from [com.google.android.gms:play-services-maps:8.4.0] AndroidManifest.xml:20:5-78
MERGED from [com.google.android.gms:play-services-maps:8.4.0] AndroidManifest.xml:20:5-78
MERGED from [com.google.android.gms:play-services-nearby:8.4.0] AndroidManifest.xml:19:5-79
	android:name
		ADDED from src\main\AndroidManifest.xml:19:22-76
uses-permission#android.permission.READ_PHONE_STATE
ADDED from src\main\AndroidManifest.xml:20:5-91
	android:name
		ADDED from src\main\AndroidManifest.xml:20:22-72
uses-permission#com.google.android.providers.gsf.permission.READ_GSERVICES
ADDED from src\main\AndroidManifest.xml:21:5-98
	android:name
		ADDED from src\main\AndroidManifest.xml:21:22-95
uses-feature#android.hardware.touchscreen
ADDED from src\main\AndroidManifest.xml:23:5-25:36
	android:required
		ADDED from src\main\AndroidManifest.xml:25:9-33
	android:name
		ADDED from src\main\AndroidManifest.xml:24:9-52
uses-feature#android.hardware.camera
ADDED from src\main\AndroidManifest.xml:27:5-29:36
	android:required
		ADDED from src\main\AndroidManifest.xml:29:9-33
	android:name
		ADDED from src\main\AndroidManifest.xml:28:9-47
uses-feature#0x00020000
ADDED from src\main\AndroidManifest.xml:30:5-32:35
MERGED from [com.google.android.gms:play-services-maps:8.4.0] AndroidManifest.xml:22:5-24:33
MERGED from [com.google.android.gms:play-services-maps:8.4.0] AndroidManifest.xml:22:5-24:33
	android:glEsVersion
		ADDED from src\main\AndroidManifest.xml:31:9-41
	android:required
		ADDED from src\main\AndroidManifest.xml:32:9-32
uses-feature#android.hardware.bluetooth
ADDED from src\main\AndroidManifest.xml:33:5-35:36
	android:required
		ADDED from src\main\AndroidManifest.xml:35:9-33
	android:name
		ADDED from src\main\AndroidManifest.xml:34:9-50
uses-feature#android.hardware.location.network
ADDED from src\main\AndroidManifest.xml:36:5-38:36
	android:required
		ADDED from src\main\AndroidManifest.xml:38:9-33
	android:name
		ADDED from src\main\AndroidManifest.xml:37:9-57
uses-feature#android.hardware.location.gps
ADDED from src\main\AndroidManifest.xml:39:5-41:36
	android:required
		ADDED from src\main\AndroidManifest.xml:41:9-33
	android:name
		ADDED from src\main\AndroidManifest.xml:40:9-53
uses-feature#android.hardware.camera.autofocus
ADDED from src\main\AndroidManifest.xml:42:5-44:36
	android:required
		ADDED from src\main\AndroidManifest.xml:44:9-33
	android:name
		ADDED from src\main\AndroidManifest.xml:43:9-57
uses-feature#android.hardware.telephony
ADDED from src\main\AndroidManifest.xml:45:5-47:36
	android:required
		ADDED from src\main\AndroidManifest.xml:47:9-33
	android:name
		ADDED from src\main\AndroidManifest.xml:46:9-50
uses-feature#android.hardware.location
ADDED from src\main\AndroidManifest.xml:48:5-50:36
	android:required
		ADDED from src\main\AndroidManifest.xml:50:9-33
	android:name
		ADDED from src\main\AndroidManifest.xml:49:9-49
application
ADDED from src\main\AndroidManifest.xml:52:5-433:19
MERGED from [com.android.support:appcompat-v7:21.0.3] AndroidManifest.xml:16:5-19
MERGED from [com.google.android.gms:play-services-maps:8.4.0] AndroidManifest.xml:27:5-20
MERGED from [com.google.android.gms:play-services-basement:8.4.0] AndroidManifest.xml:20:5-24:19
MERGED from [com.google.android.gms:play-services-location:8.4.0] AndroidManifest.xml:19:5-20
MERGED from [com.google.android.gms:play-services-basement:8.4.0] AndroidManifest.xml:20:5-24:19
MERGED from [com.google.android.gms:play-services-maps:8.4.0] AndroidManifest.xml:27:5-20
MERGED from [com.google.android.gms:play-services-basement:8.4.0] AndroidManifest.xml:20:5-24:19
MERGED from [com.google.android.gms:play-services-nearby:8.4.0] AndroidManifest.xml:20:5-20
MERGED from [com.google.android.gms:play-services-basement:8.4.0] AndroidManifest.xml:20:5-24:19
MERGED from [patient-portal:FacebookSDK:unspecified] AndroidManifest.xml:22:5-20
	android:label
		ADDED from src\main\AndroidManifest.xml:56:9-41
	android:supportsRtl
		ADDED from src\main\AndroidManifest.xml:58:9-35
	android:allowBackup
		ADDED from src\main\AndroidManifest.xml:54:9-35
	android:icon
		ADDED from src\main\AndroidManifest.xml:55:9-36
	android:largeHeap
		ADDED from src\main\AndroidManifest.xml:57:9-33
	android:theme
		ADDED from src\main\AndroidManifest.xml:59:9-48
	tools:replace
		ADDED from src\main\AndroidManifest.xml:60:9-37
	android:name
		ADDED from src\main\AndroidManifest.xml:53:9-68
activity#com.hs.userportal.SplashScreen
ADDED from src\main\AndroidManifest.xml:61:9-71:20
	android:screenOrientation
		ADDED from src\main\AndroidManifest.xml:63:13-49
	android:windowSoftInputMode
		ADDED from src\main\AndroidManifest.xml:65:13-54
	android:theme
		ADDED from src\main\AndroidManifest.xml:64:13-52
	android:name
		ADDED from src\main\AndroidManifest.xml:62:13-58
intent-filter#android.intent.action.MAIN+android.intent.category.LAUNCHER
ADDED from src\main\AndroidManifest.xml:66:13-70:29
action#android.intent.action.MAIN
ADDED from src\main\AndroidManifest.xml:67:17-69
	android:name
		ADDED from src\main\AndroidManifest.xml:67:25-66
category#android.intent.category.LAUNCHER
ADDED from src\main\AndroidManifest.xml:69:17-77
	android:name
		ADDED from src\main\AndroidManifest.xml:69:27-74
service#com.hs.userportal.UploadService
ADDED from src\main\AndroidManifest.xml:73:9-67
	android:name
		ADDED from src\main\AndroidManifest.xml:73:18-64
activity#com.hs.userportal.MainActivity
ADDED from src\main\AndroidManifest.xml:75:9-91:20
	android:screenOrientation
		ADDED from src\main\AndroidManifest.xml:78:13-49
	android:windowSoftInputMode
		ADDED from src\main\AndroidManifest.xml:79:13-52
	android:configChanges
		ADDED from src\main\AndroidManifest.xml:77:13-63
	android:name
		ADDED from src\main\AndroidManifest.xml:76:13-58
intent-filter#android.intent.action.VIEW+android.intent.category.BROWSABLE+android.intent.category.DEFAULT
ADDED from src\main\AndroidManifest.xml:80:13-90:29
action#android.intent.action.VIEW
ADDED from src\main\AndroidManifest.xml:81:17-69
	android:name
		ADDED from src\main\AndroidManifest.xml:81:25-66
category#android.intent.category.DEFAULT
ADDED from src\main\AndroidManifest.xml:83:17-76
	android:name
		ADDED from src\main\AndroidManifest.xml:83:27-73
category#android.intent.category.BROWSABLE
ADDED from src\main\AndroidManifest.xml:84:17-78
	android:name
		ADDED from src\main\AndroidManifest.xml:84:27-75
data
ADDED from src\main\AndroidManifest.xml:86:17-89:45
	android:host
		ADDED from src\main\AndroidManifest.xml:87:21-42
	android:scheme
		ADDED from src\main\AndroidManifest.xml:89:21-42
	android:pathPrefix
		ADDED from src\main\AndroidManifest.xml:88:21-49
activity#com.hs.userportal.logout
ADDED from src\main\AndroidManifest.xml:93:9-97:86
	android:screenOrientation
		ADDED from src\main\AndroidManifest.xml:96:13-49
	android:configChanges
		ADDED from src\main\AndroidManifest.xml:95:13-59
	android:theme
		ADDED from src\main\AndroidManifest.xml:97:13-83
	android:name
		ADDED from src\main\AndroidManifest.xml:94:13-52
activity#com.hs.userportal.Register
ADDED from src\main\AndroidManifest.xml:99:9-105:57
	android:screenOrientation
		ADDED from src\main\AndroidManifest.xml:103:13-49
	android:label
		ADDED from src\main\AndroidManifest.xml:101:13-36
	android:parentActivityName
		ADDED from src\main\AndroidManifest.xml:102:13-72
	android:windowSoftInputMode
		ADDED from src\main\AndroidManifest.xml:105:13-54
	android:name
		ADDED from src\main\AndroidManifest.xml:100:13-54
activity#com.hs.userportal.update
ADDED from src\main\AndroidManifest.xml:107:9-61
	android:name
		ADDED from src\main\AndroidManifest.xml:107:19-58
activity#com.hs.userportal.changepass
ADDED from src\main\AndroidManifest.xml:115:9-121:57
	android:screenOrientation
		ADDED from src\main\AndroidManifest.xml:120:13-49
	android:label
		ADDED from src\main\AndroidManifest.xml:118:13-44
	android:parentActivityName
		ADDED from src\main\AndroidManifest.xml:119:13-66
	android:windowSoftInputMode
		ADDED from src\main\AndroidManifest.xml:121:13-54
	android:configChanges
		ADDED from src\main\AndroidManifest.xml:117:13-59
	android:name
		ADDED from src\main\AndroidManifest.xml:116:13-56
activity#com.hs.userportal.TabsActivity
ADDED from src\main\AndroidManifest.xml:123:9-127:52
	android:screenOrientation
		ADDED from src\main\AndroidManifest.xml:127:13-49
	android:label
		ADDED from src\main\AndroidManifest.xml:126:13-43
	android:configChanges
		ADDED from src\main\AndroidManifest.xml:125:13-74
	android:name
		ADDED from src\main\AndroidManifest.xml:124:13-58
activity#com.hs.userportal.ViewOrderReport
ADDED from src\main\AndroidManifest.xml:129:9-132:52
	android:screenOrientation
		ADDED from src\main\AndroidManifest.xml:132:13-49
	android:noHistory
		ADDED from src\main\AndroidManifest.xml:131:13-37
	android:name
		ADDED from src\main\AndroidManifest.xml:130:13-44
activity#com.hs.userportal.Pkg_TabActivity
ADDED from src\main\AndroidManifest.xml:134:9-137:52
	android:screenOrientation
		ADDED from src\main\AndroidManifest.xml:137:13-49
	android:label
		ADDED from src\main\AndroidManifest.xml:136:13-36
	android:name
		ADDED from src\main\AndroidManifest.xml:135:13-61
activity#com.hs.userportal.Invoice
ADDED from src\main\AndroidManifest.xml:139:9-142:52
	android:screenOrientation
		ADDED from src\main\AndroidManifest.xml:142:13-49
	android:label
		ADDED from src\main\AndroidManifest.xml:141:13-36
	android:name
		ADDED from src\main\AndroidManifest.xml:140:13-53
activity#com.hs.userportal.Education
ADDED from src\main\AndroidManifest.xml:144:9-146:40
	android:noHistory
		ADDED from src\main\AndroidManifest.xml:146:13-37
	android:name
		ADDED from src\main\AndroidManifest.xml:145:13-55
activity#com.hs.userportal.OtherPackages
ADDED from src\main\AndroidManifest.xml:147:9-149:40
	android:noHistory
		ADDED from src\main\AndroidManifest.xml:149:13-37
	android:name
		ADDED from src\main\AndroidManifest.xml:148:13-59
activity#com.hs.userportal.Pkg_LabDetails
ADDED from src\main\AndroidManifest.xml:150:9-152:40
	android:noHistory
		ADDED from src\main\AndroidManifest.xml:152:13-37
	android:name
		ADDED from src\main\AndroidManifest.xml:151:13-60
activity#com.hs.userportal.PackageTestDetails
ADDED from src\main\AndroidManifest.xml:153:9-155:40
	android:noHistory
		ADDED from src\main\AndroidManifest.xml:155:13-37
	android:name
		ADDED from src\main\AndroidManifest.xml:154:13-64
activity#com.hs.userportal.residence
ADDED from src\main\AndroidManifest.xml:156:9-158:40
	android:noHistory
		ADDED from src\main\AndroidManifest.xml:158:13-37
	android:name
		ADDED from src\main\AndroidManifest.xml:157:13-55
activity#com.hs.userportal.Work
ADDED from src\main\AndroidManifest.xml:159:9-161:40
	android:noHistory
		ADDED from src\main\AndroidManifest.xml:161:13-37
	android:name
		ADDED from src\main\AndroidManifest.xml:160:13-50
activity#com.hs.userportal.Travel
ADDED from src\main\AndroidManifest.xml:162:9-164:40
	android:noHistory
		ADDED from src\main\AndroidManifest.xml:164:13-37
	android:name
		ADDED from src\main\AndroidManifest.xml:163:13-52
activity#com.hs.userportal.Personal
ADDED from src\main\AndroidManifest.xml:165:9-167:40
	android:noHistory
		ADDED from src\main\AndroidManifest.xml:167:13-37
	android:name
		ADDED from src\main\AndroidManifest.xml:166:13-54
activity#com.hs.userportal.Medical
ADDED from src\main\AndroidManifest.xml:168:9-170:40
	android:noHistory
		ADDED from src\main\AndroidManifest.xml:170:13-37
	android:name
		ADDED from src\main\AndroidManifest.xml:169:13-53
activity#com.hs.userportal.Booking_Info
ADDED from src\main\AndroidManifest.xml:172:9-177:68
	android:screenOrientation
		ADDED from src\main\AndroidManifest.xml:176:13-49
	android:label
		ADDED from src\main\AndroidManifest.xml:175:13-41
	android:windowSoftInputMode
		ADDED from src\main\AndroidManifest.xml:177:13-65
	android:configChanges
		ADDED from src\main\AndroidManifest.xml:174:13-63
	android:name
		ADDED from src\main\AndroidManifest.xml:173:13-58
activity#com.hs.userportal.Booking_type
ADDED from src\main\AndroidManifest.xml:179:9-181:52
	android:screenOrientation
		ADDED from src\main\AndroidManifest.xml:181:13-49
	android:name
		ADDED from src\main\AndroidManifest.xml:180:13-58
activity#com.hs.userportal.Confirm_Order
ADDED from src\main\AndroidManifest.xml:183:9-187:52
	android:screenOrientation
		ADDED from src\main\AndroidManifest.xml:187:13-49
	android:label
		ADDED from src\main\AndroidManifest.xml:185:13-47
	android:noHistory
		ADDED from src\main\AndroidManifest.xml:186:13-37
	android:name
		ADDED from src\main\AndroidManifest.xml:184:13-59
activity#com.hs.userportal.Mail
ADDED from src\main\AndroidManifest.xml:189:9-194:57
	android:screenOrientation
		ADDED from src\main\AndroidManifest.xml:193:13-49
	android:label
		ADDED from src\main\AndroidManifest.xml:191:13-42
	android:parentActivityName
		ADDED from src\main\AndroidManifest.xml:192:13-72
	android:windowSoftInputMode
		ADDED from src\main\AndroidManifest.xml:194:13-54
	android:name
		ADDED from src\main\AndroidManifest.xml:190:13-50
activity#com.hs.userportal.Help
ADDED from src\main\AndroidManifest.xml:196:9-201:57
	android:screenOrientation
		ADDED from src\main\AndroidManifest.xml:200:13-49
	android:label
		ADDED from src\main\AndroidManifest.xml:198:13-42
	android:parentActivityName
		ADDED from src\main\AndroidManifest.xml:199:13-66
	android:windowSoftInputMode
		ADDED from src\main\AndroidManifest.xml:201:13-54
	android:name
		ADDED from src\main\AndroidManifest.xml:197:13-50
activity#com.hs.userportal.lablistdetails
ADDED from src\main\AndroidManifest.xml:203:9-206:52
	android:screenOrientation
		ADDED from src\main\AndroidManifest.xml:206:13-49
	android:label
		ADDED from src\main\AndroidManifest.xml:205:13-39
	android:name
		ADDED from src\main\AndroidManifest.xml:204:13-60
activity#com.hs.userportal.ReportRecords
ADDED from src\main\AndroidManifest.xml:207:9-210:52
	android:screenOrientation
		ADDED from src\main\AndroidManifest.xml:210:13-49
	android:label
		ADDED from src\main\AndroidManifest.xml:209:13-41
	android:name
		ADDED from src\main\AndroidManifest.xml:208:13-59
activity#com.hs.userportal.ReportStatus
ADDED from src\main\AndroidManifest.xml:212:9-217:52
	android:screenOrientation
		ADDED from src\main\AndroidManifest.xml:217:13-49
	android:label
		ADDED from src\main\AndroidManifest.xml:215:13-42
	android:parentActivityName
		ADDED from src\main\AndroidManifest.xml:216:13-74
	android:configChanges
		ADDED from src\main\AndroidManifest.xml:214:13-76
	android:name
		ADDED from src\main\AndroidManifest.xml:213:13-58
activity#com.hs.userportal.GraphDetails
ADDED from src\main\AndroidManifest.xml:219:9-223:52
	android:screenOrientation
		ADDED from src\main\AndroidManifest.xml:223:13-49
	android:label
		ADDED from src\main\AndroidManifest.xml:221:13-42
	android:parentActivityName
		ADDED from src\main\AndroidManifest.xml:222:13-72
	android:name
		ADDED from src\main\AndroidManifest.xml:220:13-58
activity#com.hs.userportal.OrderHistory
ADDED from src\main\AndroidManifest.xml:225:9-228:52
	android:screenOrientation
		ADDED from src\main\AndroidManifest.xml:228:13-49
	android:label
		ADDED from src\main\AndroidManifest.xml:227:13-42
	android:name
		ADDED from src\main\AndroidManifest.xml:226:13-58
activity#com.hs.userportal.OrderDetails
ADDED from src\main\AndroidManifest.xml:230:9-233:52
	android:screenOrientation
		ADDED from src\main\AndroidManifest.xml:233:13-49
	android:label
		ADDED from src\main\AndroidManifest.xml:232:13-42
	android:name
		ADDED from src\main\AndroidManifest.xml:231:13-58
activity#com.hs.userportal.grouptest
ADDED from src\main\AndroidManifest.xml:235:9-239:52
	android:screenOrientation
		ADDED from src\main\AndroidManifest.xml:239:13-49
	android:label
		ADDED from src\main\AndroidManifest.xml:237:13-40
	android:parentActivityName
		ADDED from src\main\AndroidManifest.xml:238:13-72
	android:name
		ADDED from src\main\AndroidManifest.xml:236:13-55
activity#com.hs.userportal.allergylist
ADDED from src\main\AndroidManifest.xml:241:9-244:52
	android:screenOrientation
		ADDED from src\main\AndroidManifest.xml:244:13-49
	android:label
		ADDED from src\main\AndroidManifest.xml:243:13-43
	android:name
		ADDED from src\main\AndroidManifest.xml:242:13-57
activity#com.hs.userportal.Login_First
ADDED from src\main\AndroidManifest.xml:246:9-248:61
	android:screenOrientation
		ADDED from src\main\AndroidManifest.xml:248:13-49
	android:name
		ADDED from src\main\AndroidManifest.xml:247:13-40
activity#com.hs.userportal.MyFamily
ADDED from src\main\AndroidManifest.xml:250:9-254:52
	android:screenOrientation
		ADDED from src\main\AndroidManifest.xml:254:13-49
	android:label
		ADDED from src\main\AndroidManifest.xml:252:13-38
	android:windowSoftInputMode
		ADDED from src\main\AndroidManifest.xml:253:13-52
	android:name
		ADDED from src\main\AndroidManifest.xml:251:13-37
activity#com.hs.userportal.Profile
ADDED from src\main\AndroidManifest.xml:256:9-260:52
	android:screenOrientation
		ADDED from src\main\AndroidManifest.xml:260:13-49
	android:label
		ADDED from src\main\AndroidManifest.xml:258:13-36
	android:parentActivityName
		ADDED from src\main\AndroidManifest.xml:259:13-66
	android:name
		ADDED from src\main\AndroidManifest.xml:257:13-53
activity#com.hs.userportal.AboutUs
ADDED from src\main\AndroidManifest.xml:262:9-265:52
	android:screenOrientation
		ADDED from src\main\AndroidManifest.xml:265:13-49
	android:label
		ADDED from src\main\AndroidManifest.xml:264:13-37
	android:name
		ADDED from src\main\AndroidManifest.xml:263:13-53
activity#com.hs.userportal.MyNotification
ADDED from src\main\AndroidManifest.xml:267:9-271:52
	android:screenOrientation
		ADDED from src\main\AndroidManifest.xml:271:13-49
	android:label
		ADDED from src\main\AndroidManifest.xml:269:13-42
	android:parentActivityName
		ADDED from src\main\AndroidManifest.xml:270:13-66
	android:name
		ADDED from src\main\AndroidManifest.xml:268:13-60
activity#com.hs.userportal.TestHistory
ADDED from src\main\AndroidManifest.xml:273:9-276:52
	android:screenOrientation
		ADDED from src\main\AndroidManifest.xml:276:13-49
	android:label
		ADDED from src\main\AndroidManifest.xml:275:13-41
	android:name
		ADDED from src\main\AndroidManifest.xml:274:13-57
activity#com.hs.userportal.viewpdf
ADDED from src\main\AndroidManifest.xml:278:9-281:52
	android:screenOrientation
		ADDED from src\main\AndroidManifest.xml:281:13-49
	android:label
		ADDED from src\main\AndroidManifest.xml:280:13-39
	android:name
		ADDED from src\main\AndroidManifest.xml:279:13-53
activity#com.hs.userportal.ImageGridActivity
ADDED from src\main\AndroidManifest.xml:283:9-286:52
	android:screenOrientation
		ADDED from src\main\AndroidManifest.xml:286:13-49
	android:label
		ADDED from src\main\AndroidManifest.xml:285:13-35
	android:name
		ADDED from src\main\AndroidManifest.xml:284:13-46
activity#com.hs.userportal.ImagePagerActivity
ADDED from src\main\AndroidManifest.xml:288:9-290:38
	android:label
		ADDED from src\main\AndroidManifest.xml:290:13-35
	android:name
		ADDED from src\main\AndroidManifest.xml:289:13-47
activity#com.hs.userportal.Error
ADDED from src\main\AndroidManifest.xml:292:9-295:52
	android:screenOrientation
		ADDED from src\main\AndroidManifest.xml:295:13-49
	android:label
		ADDED from src\main\AndroidManifest.xml:294:13-34
	android:name
		ADDED from src\main\AndroidManifest.xml:293:13-51
activity#com.hs.userportal.FAQ
ADDED from src\main\AndroidManifest.xml:297:9-300:52
	android:screenOrientation
		ADDED from src\main\AndroidManifest.xml:300:13-49
	android:label
		ADDED from src\main\AndroidManifest.xml:299:13-34
	android:name
		ADDED from src\main\AndroidManifest.xml:298:13-49
activity#com.hs.userportal.PDFActivity
ADDED from src\main\AndroidManifest.xml:302:9-305:52
	android:screenOrientation
		ADDED from src\main\AndroidManifest.xml:305:13-49
	android:label
		ADDED from src\main\AndroidManifest.xml:304:13-32
	android:name
		ADDED from src\main\AndroidManifest.xml:303:13-57
activity#com.hs.userportal.SampleCirclesDefault
ADDED from src\main\AndroidManifest.xml:307:9-309:52
	android:screenOrientation
		ADDED from src\main\AndroidManifest.xml:309:13-49
	android:name
		ADDED from src\main\AndroidManifest.xml:308:13-66
activity#com.hs.userportal.Filevault
ADDED from src\main\AndroidManifest.xml:311:9-316:55
	android:screenOrientation
		ADDED from src\main\AndroidManifest.xml:315:13-49
	android:label
		ADDED from src\main\AndroidManifest.xml:314:13-34
	android:windowSoftInputMode
		ADDED from src\main\AndroidManifest.xml:316:13-52
	android:configChanges
		ADDED from src\main\AndroidManifest.xml:313:13-76
	android:name
		ADDED from src\main\AndroidManifest.xml:312:13-55
activity#com.hs.userportal.Filevault2
ADDED from src\main\AndroidManifest.xml:317:9-322:55
	android:screenOrientation
		ADDED from src\main\AndroidManifest.xml:321:13-49
	android:label
		ADDED from src\main\AndroidManifest.xml:320:13-34
	android:windowSoftInputMode
		ADDED from src\main\AndroidManifest.xml:322:13-52
	android:configChanges
		ADDED from src\main\AndroidManifest.xml:319:13-76
	android:name
		ADDED from src\main\AndroidManifest.xml:318:13-56
activity#com.hs.userportal.FileVaultMenu
ADDED from src\main\AndroidManifest.xml:324:9-327:52
	android:screenOrientation
		ADDED from src\main\AndroidManifest.xml:327:13-49
	android:label
		ADDED from src\main\AndroidManifest.xml:326:13-39
	android:name
		ADDED from src\main\AndroidManifest.xml:325:13-59
activity#com.hs.userportal.Filevaultcase
ADDED from src\main\AndroidManifest.xml:329:9-332:52
	android:screenOrientation
		ADDED from src\main\AndroidManifest.xml:332:13-49
	android:label
		ADDED from src\main\AndroidManifest.xml:331:13-39
	android:name
		ADDED from src\main\AndroidManifest.xml:330:13-59
activity#com.hs.userportal.ExpandImage
ADDED from src\main\AndroidManifest.xml:334:9-337:52
	android:screenOrientation
		ADDED from src\main\AndroidManifest.xml:337:13-49
	android:label
		ADDED from src\main\AndroidManifest.xml:336:13-33
	android:name
		ADDED from src\main\AndroidManifest.xml:335:13-57
activity#com.hs.userportal.Packages
ADDED from src\main\AndroidManifest.xml:339:9-344:55
	android:screenOrientation
		ADDED from src\main\AndroidManifest.xml:343:13-49
	android:label
		ADDED from src\main\AndroidManifest.xml:342:13-44
	android:windowSoftInputMode
		ADDED from src\main\AndroidManifest.xml:344:13-52
	android:configChanges
		ADDED from src\main\AndroidManifest.xml:341:13-59
	android:name
		ADDED from src\main\AndroidManifest.xml:340:13-37
activity#com.hs.userportal.FilevaultDelete
ADDED from src\main\AndroidManifest.xml:346:9-348:52
	android:screenOrientation
		ADDED from src\main\AndroidManifest.xml:348:13-49
	android:name
		ADDED from src\main\AndroidManifest.xml:347:13-61
activity#com.hs.userportal.LocationClass
ADDED from src\main\AndroidManifest.xml:350:9-354:55
	android:screenOrientation
		ADDED from src\main\AndroidManifest.xml:353:13-49
	android:windowSoftInputMode
		ADDED from src\main\AndroidManifest.xml:354:13-52
	android:configChanges
		ADDED from src\main\AndroidManifest.xml:352:13-59
	android:name
		ADDED from src\main\AndroidManifest.xml:351:13-59
activity#com.hs.userportal.MapClass
ADDED from src\main\AndroidManifest.xml:356:9-358:52
	android:screenOrientation
		ADDED from src\main\AndroidManifest.xml:358:13-49
	android:name
		ADDED from src\main\AndroidManifest.xml:357:13-54
activity#com.hs.userportal.SinglelabMap
ADDED from src\main\AndroidManifest.xml:360:9-363:52
	android:screenOrientation
		ADDED from src\main\AndroidManifest.xml:363:13-49
	android:noHistory
		ADDED from src\main\AndroidManifest.xml:362:13-37
	android:name
		ADDED from src\main\AndroidManifest.xml:361:13-58
activity#com.hs.userportal.PrivacyPolicy
ADDED from src\main\AndroidManifest.xml:365:9-368:52
	android:screenOrientation
		ADDED from src\main\AndroidManifest.xml:368:13-49
	android:label
		ADDED from src\main\AndroidManifest.xml:367:13-43
	android:name
		ADDED from src\main\AndroidManifest.xml:366:13-59
activity#com.hs.userportal.MapLabDetails
ADDED from src\main\AndroidManifest.xml:370:9-374:52
	android:screenOrientation
		ADDED from src\main\AndroidManifest.xml:374:13-49
	android:label
		ADDED from src\main\AndroidManifest.xml:373:13-44
	android:configChanges
		ADDED from src\main\AndroidManifest.xml:372:13-59
	android:name
		ADDED from src\main\AndroidManifest.xml:371:13-59
activity#com.hs.userportal.CouponActivity
ADDED from src\main\AndroidManifest.xml:376:9-380:52
	android:screenOrientation
		ADDED from src\main\AndroidManifest.xml:380:13-49
	android:label
		ADDED from src\main\AndroidManifest.xml:379:13-44
	android:configChanges
		ADDED from src\main\AndroidManifest.xml:378:13-59
	android:name
		ADDED from src\main\AndroidManifest.xml:377:13-60
activity#com.hs.userportal.PdfReader
ADDED from src\main\AndroidManifest.xml:382:9-384:52
	android:screenOrientation
		ADDED from src\main\AndroidManifest.xml:384:13-49
	android:name
		ADDED from src\main\AndroidManifest.xml:383:13-55
activity#com.hs.userportal.Height
ADDED from src\main\AndroidManifest.xml:386:9-388:52
	android:screenOrientation
		ADDED from src\main\AndroidManifest.xml:388:13-49
	android:name
		ADDED from src\main\AndroidManifest.xml:387:13-52
activity#com.hs.userportal.Weight
ADDED from src\main\AndroidManifest.xml:389:9-391:52
	android:screenOrientation
		ADDED from src\main\AndroidManifest.xml:391:13-49
	android:name
		ADDED from src\main\AndroidManifest.xml:390:13-52
activity#com.hs.userportal.Allergy
ADDED from src\main\AndroidManifest.xml:392:9-395:52
	android:screenOrientation
		ADDED from src\main\AndroidManifest.xml:395:13-49
	android:label
		ADDED from src\main\AndroidManifest.xml:394:13-38
	android:name
		ADDED from src\main\AndroidManifest.xml:393:13-53
activity#com.hs.userportal.AddWeight
ADDED from src\main\AndroidManifest.xml:396:9-398:52
	android:screenOrientation
		ADDED from src\main\AndroidManifest.xml:398:13-49
	android:name
		ADDED from src\main\AndroidManifest.xml:397:13-55
activity#com.hs.userportal.GraphDetailsNew
ADDED from src\main\AndroidManifest.xml:400:9-402:52
	android:screenOrientation
		ADDED from src\main\AndroidManifest.xml:402:13-49
	android:name
		ADDED from src\main\AndroidManifest.xml:401:13-61
activity#com.hs.userportal.MyHealth
ADDED from src\main\AndroidManifest.xml:404:9-407:52
	android:screenOrientation
		ADDED from src\main\AndroidManifest.xml:407:13-49
	android:configChanges
		ADDED from src\main\AndroidManifest.xml:406:13-59
	android:name
		ADDED from src\main\AndroidManifest.xml:405:13-54
service#com.hs.userportal.UploadProfileService
ADDED from src\main\AndroidManifest.xml:409:9-74
	android:name
		ADDED from src\main\AndroidManifest.xml:409:18-71
activity#com.hs.userportal.IndividualLabTest
ADDED from src\main\AndroidManifest.xml:411:9-415:55
	android:screenOrientation
		ADDED from src\main\AndroidManifest.xml:414:13-49
	android:label
		ADDED from src\main\AndroidManifest.xml:413:13-32
	android:windowSoftInputMode
		ADDED from src\main\AndroidManifest.xml:415:13-52
	android:name
		ADDED from src\main\AndroidManifest.xml:412:13-63
meta-data#com.facebook.sdk.ApplicationId
ADDED from src\main\AndroidManifest.xml:417:9-419:46
	android:value
		ADDED from src\main\AndroidManifest.xml:419:13-43
	android:name
		ADDED from src\main\AndroidManifest.xml:418:13-58
meta-data#com.google.android.maps.v2.API_KEY
ADDED from src\main\AndroidManifest.xml:420:9-422:71
	android:value